Base path: C:/Program Files (x86)/Unity/Editor/Data
Pipe name: \\.\pipe\UnityShaderCompiler-2-736
Cmd: getPlatforms
Cmd: compileSnippet
  api=9 type=0 insize=9030 outsize=2896 kw= ok=1
Cmd: compileSnippet
  api=9 type=1 insize=9035 outsize=7 kw= ok=1
Cmd: compileSnippet
  api=9 type=0 insize=9050 outsize=5649 kw= ok=1
Cmd: compileSnippet
  api=9 type=1 insize=9055 outsize=7 kw= ok=1
Cmd: compileSnippet
  api=9 type=0 insize=3139 outsize=1293 kw= ok=1
Cmd: compileSnippet
  api=9 type=1 insize=3138 outsize=7 kw= ok=1
Cmd: compileSnippet
  api=9 type=0 insize=5435 outsize=582 kw= ok=1
Cmd: compileSnippet
  api=9 type=1 insize=5443 outsize=7 kw= ok=1
Cmd: compileSnippet
  api=9 type=0 insize=5448 outsize=2371 kw= ok=1
Cmd: compileSnippet
  api=9 type=1 insize=5452 outsize=7 kw= ok=1
Cmd: compileSnippet
  api=9 type=0 insize=977 outsize=1306 kw= ok=1
Cmd: compileSnippet
  api=9 type=1 insize=1347 outsize=7 kw= ok=1
Cmd: compileSnippet
  api=9 type=0 insize=3359 outsize=2769 kw=WATER_REFRACTIVE ok=1
Cmd: compileSnippet
  api=5 type=1 insize=3359 outsize=6 kw=WATER_SIMPLE ok=1
Unhandled exception: Readfile from pipe failed. GLE=The pipe has been ended.


Quitting shader compiler process
